<?xml version="1.0" encoding="UTF-8"?>
<testsuite xmlns:xsi="http://www.w3.org/2001/XMLSchema-instance" xsi:noNamespaceSchemaLocation="https://maven.apache.org/surefire/maven-surefire-plugin/xsd/surefire-test-report-3.0.xsd" version="3.0" name="tests.CreateCourierTest" time="12.727" tests="4" errors="0" skipped="0" failures="1">
  <properties>
[...]
</properties>
  <testcase name="courierCreatedTest" classname="tests.CreateCourierTest" time="11.6">
    <system-out><![CDATA[Request method:	POST
Request URI:	http://qa-scooter.praktikum-services.ru/api/v1/courier
Proxy:			<none>
Request params:	<none>
Query params:	<none>
Form params:	<none>
Path params:	<none>
Headers:		Accept=*/*
				Content-Type=application/json
Cookies:		<none>
Multiparts:		<none>
Body:
{
    "login": "Courier_test1770457743184",
    "password": "qwerty123",
    "firstName": "Рафаэль"
}
HTTP/1.1 201 Created
Access-Control-Allow-Origin: *
Content-Length: 11
Content-Type: application/json; charset=utf-8
Date: Sat, 07 Feb 2026 09:49:11 GMT
Set-Cookie: _yasc=Re4+mZjubRhy9jwq5e2xqhZ6kG4Po6U9YNIfSuEXIUlc2oa3eGTLddzx4uQ+u74=; domain=.praktikum-services.ru; path=/; expires=Tue, 05 Feb 2036 09:49:11 GMT; secure
X-Powered-By: Express
X-Request-Id: 1770457751878310-16555142328650672727
ETag: W/"b-Ai2R8hgEarLmHKwesT1qcY913ys"

{
    "ok": true
}
HTTP/1.1 201 Created
Access-Control-Allow-Origin: *
Content-Length: 11
Content-Type: application/json; charset=utf-8
Date: Sat, 07 Feb 2026 09:49:11 GMT
Set-Cookie: _yasc=Re4+mZjubRhy9jwq5e2xqhZ6kG4Po6U9YNIfSuEXIUlc2oa3eGTLddzx4uQ+u74=; domain=.praktikum-services.ru; path=/; expires=Tue, 05 Feb 2036 09:49:11 GMT; secure
X-Powered-By: Express
X-Request-Id: 1770457751878310-16555142328650672727
ETag: W/"b-Ai2R8hgEarLmHKwesT1qcY913ys"

{
    "ok": true
}
]]></system-out>
    <system-err><![CDATA[SLF4J: Failed to load class "org.slf4j.impl.StaticLoggerBinder".
SLF4J: Defaulting to no-operation (NOP) logger implementation
SLF4J: See http://www.slf4j.org/codes.html#StaticLoggerBinder for further details.
]]></system-err>
  </testcase>
  <testcase name="identicalCourierCreatedTest" classname="tests.CreateCourierTest" time="0.396">
    <failure message="1 expectation failed.&#10;JSON path message doesn&apos;t match.&#10;Expected: Этот логин уже используется&#10;  Actual: Этот логин уже используется. Попробуйте другой.&#10;" type="java.lang.AssertionError"><![CDATA[java.lang.AssertionError: 
1 expectation failed.
JSON path message doesn't match.
Expected: Этот логин уже используется
  Actual: Этот логин уже используется. Попробуйте другой.

	at java.base/jdk.internal.reflect.NativeConstructorAccessorImpl.newInstance0(Native Method)
	at java.base/jdk.internal.reflect.NativeConstructorAccessorImpl.newInstance(NativeConstructorAccessorImpl.java:62)
	at java.base/jdk.internal.reflect.DelegatingConstructorAccessorImpl.newInstance(DelegatingConstructorAccessorImpl.java:45)
	at java.base/java.lang.reflect.Constructor.newInstance(Constructor.java:490)
	at org.codehaus.groovy.reflection.CachedConstructor.invoke(CachedConstructor.java:72)
	at org.codehaus.groovy.reflection.CachedConstructor.doConstructorInvoke(CachedConstructor.java:59)
	at org.codehaus.groovy.runtime.callsite.ConstructorSite$ConstructorSiteNoUnwrap.callConstructor(ConstructorSite.java:84)
	at org.codehaus.groovy.runtime.callsite.CallSiteArray.defaultCallConstructor(CallSiteArray.java:59)
	at org.codehaus.groovy.runtime.callsite.AbstractCallSite.callConstructor(AbstractCallSite.java:263)
	at org.codehaus.groovy.runtime.callsite.AbstractCallSite.callConstructor(AbstractCallSite.java:277)
	at io.restassured.internal.ResponseSpecificationImpl$HamcrestAssertionClosure.validate(ResponseSpecificationImpl.groovy:499)
	at io.restassured.internal.ResponseSpecificationImpl$HamcrestAssertionClosure$validate$1.call(Unknown Source)
	at io.restassured.internal.ResponseSpecificationImpl.validateResponseIfRequired(ResponseSpecificationImpl.groovy:684)
	at java.base/jdk.internal.reflect.NativeMethodAccessorImpl.invoke0(Native Method)
	at java.base/jdk.internal.reflect.NativeMethodAccessorImpl.invoke(NativeMethodAccessorImpl.java:62)
	at java.base/jdk.internal.reflect.DelegatingMethodAccessorImpl.invoke(DelegatingMethodAccessorImpl.java:43)
	at java.base/java.lang.reflect.Method.invoke(Method.java:566)
	at org.codehaus.groovy.runtime.callsite.PlainObjectMetaMethodSite.doInvoke(PlainObjectMetaMethodSite.java:43)
	at org.codehaus.groovy.runtime.callsite.PogoMetaMethodSite$PogoCachedMethodSiteNoUnwrapNoCoerce.invoke(PogoMetaMethodSite.java:193)
	at org.codehaus.groovy.runtime.callsite.PogoMetaMethodSite.callCurrent(PogoMetaMethodSite.java:61)
	at org.codehaus.groovy.runtime.callsite.AbstractCallSite.callCurrent(AbstractCallSite.java:185)
	at io.restassured.internal.ResponseSpecificationImpl.body(ResponseSpecificationImpl.groovy:262)
	at io.restassured.specification.ResponseSpecification$body$1.callCurrent(Unknown Source)
	at io.restassured.internal.ResponseSpecificationImpl.body(ResponseSpecificationImpl.groovy:109)
	at io.restassured.internal.ValidatableResponseOptionsImpl.body(ValidatableResponseOptionsImpl.java:244)
	at io.restassured.internal.ValidatableResponseImpl.super$2$body(ValidatableResponseImpl.groovy)
	at java.base/jdk.internal.reflect.NativeMethodAccessorImpl.invoke0(Native Method)
	at java.base/jdk.internal.reflect.NativeMethodAccessorImpl.invoke(NativeMethodAccessorImpl.java:62)
	at java.base/jdk.internal.reflect.DelegatingMethodAccessorImpl.invoke(DelegatingMethodAccessorImpl.java:43)
	at java.base/java.lang.reflect.Method.invoke(Method.java:566)
	at org.codehaus.groovy.reflection.CachedMethod.invoke(CachedMethod.java:107)
	at groovy.lang.MetaMethod.doMethodInvoke(MetaMethod.java:323)
	at groovy.lang.MetaClassImpl.invokeMethod(MetaClassImpl.java:1268)
	at org.codehaus.groovy.runtime.ScriptBytecodeAdapter.invokeMethodOnSuperN(ScriptBytecodeAdapter.java:144)
	at io.restassured.internal.ValidatableResponseImpl.body(ValidatableResponseImpl.groovy:298)
	at io.restassured.internal.ValidatableResponseImpl.body(ValidatableResponseImpl.groovy)
	at tests.CreateCourierTest.identicalCourierCreatedTest(CreateCourierTest.java:42)
	at java.base/jdk.internal.reflect.NativeMethodAccessorImpl.invoke0(Native Method)
	at java.base/jdk.internal.reflect.NativeMethodAccessorImpl.invoke(NativeMethodAccessorImpl.java:62)
	at java.base/jdk.internal.reflect.DelegatingMethodAccessorImpl.invoke(DelegatingMethodAccessorImpl.java:43)
	at java.base/java.lang.reflect.Method.invoke(Method.java:566)
	at org.junit.runners.model.FrameworkMethod$1.runReflectiveCall(FrameworkMethod.java:59)
	at org.junit.internal.runners.model.ReflectiveCallable.run(ReflectiveCallable.java:12)
	at org.junit.runners.model.FrameworkMethod.invokeExplosively(FrameworkMethod.java:56)
	at org.junit.internal.runners.statements.InvokeMethod.evaluate(InvokeMethod.java:17)
	at org.junit.internal.runners.statements.RunAfters.evaluate(RunAfters.java:27)
	at org.junit.runners.ParentRunner$3.evaluate(ParentRunner.java:306)
	at org.junit.runners.BlockJUnit4ClassRunner$1.evaluate(BlockJUnit4ClassRunner.java:100)
	at org.junit.runners.ParentRunner.runLeaf(ParentRunner.java:366)
	at org.junit.runners.BlockJUnit4ClassRunner.runChild(BlockJUnit4ClassRunner.java:103)
	at org.junit.runners.BlockJUnit4ClassRunner.runChild(BlockJUnit4ClassRunner.java:63)
	at org.junit.runners.ParentRunner$4.run(ParentRunner.java:331)
	at org.junit.runners.ParentRunner$1.schedule(ParentRunner.java:79)
	at org.junit.runners.ParentRunner.runChildren(ParentRunner.java:329)
	at org.junit.runners.ParentRunner.access$100(ParentRunner.java:66)
	at org.junit.runners.ParentRunner$2.evaluate(ParentRunner.java:293)
	at org.junit.runners.ParentRunner$3.evaluate(ParentRunner.java:306)
	at org.junit.runners.ParentRunner.run(ParentRunner.java:413)
	at org.apache.maven.surefire.junit4.JUnit4Provider.execute(JUnit4Provider.java:316)
	at org.apache.maven.surefire.junit4.JUnit4Provider.executeWithRerun(JUnit4Provider.java:240)
	at org.apache.maven.surefire.junit4.JUnit4Provider.executeTestSet(JUnit4Provider.java:214)
	at org.apache.maven.surefire.junit4.JUnit4Provider.invoke(JUnit4Provider.java:155)
	at org.apache.maven.surefire.booter.ForkedBooter.runSuitesInProcess(ForkedBooter.java:385)
	at org.apache.maven.surefire.booter.ForkedBooter.execute(ForkedBooter.java:162)
	at org.apache.maven.surefire.booter.ForkedBooter.run(ForkedBooter.java:507)
	at org.apache.maven.surefire.booter.ForkedBooter.main(ForkedBooter.java:495)
]]></failure>
    <system-out><![CDATA[Request method:	POST
Request URI:	http://qa-scooter.praktikum-services.ru/api/v1/courier
Proxy:			<none>
Request params:	<none>
Query params:	<none>
Form params:	<none>
Path params:	<none>
Headers:		Accept=*/*
				Content-Type=application/json
Cookies:		<none>
Multiparts:		<none>
Body:
{
    "login": "DuplicateUser",
    "password": "123",
    "firstName": "Микеланджело"
}
HTTP/1.1 409 Conflict
Content-Length: 112
Content-Type: application/json; charset=utf-8
Set-Cookie: _yasc=Ytnd7oQWm8Wx9N2wSeo84xxvbylGc5y11+0tlHUN3AFn/oXAtiu7KYSYWMKsnhc=; domain=.praktikum-services.ru; path=/; expires=Tue, 05 Feb 2036 09:49:14 GMT; secure
Date: Sat, 07 Feb 2026 09:49:14 GMT
X-Request-Id: 1770457754720464-11802142218509759358
ETag: W/"70-sLG1ZktNk+Ab3iaKUMwxkdL4FJo"
Access-Control-Allow-Origin: *
X-Powered-By: Express

{
    "code": 409,
    "message": "Этот логин уже используется. Попробуйте другой."
}
HTTP/1.1 409 Conflict
Content-Length: 112
Content-Type: application/json; charset=utf-8
Set-Cookie: _yasc=Ytnd7oQWm8Wx9N2wSeo84xxvbylGc5y11+0tlHUN3AFn/oXAtiu7KYSYWMKsnhc=; domain=.praktikum-services.ru; path=/; expires=Tue, 05 Feb 2036 09:49:14 GMT; secure
Date: Sat, 07 Feb 2026 09:49:14 GMT
X-Request-Id: 1770457754720464-11802142218509759358
ETag: W/"70-sLG1ZktNk+Ab3iaKUMwxkdL4FJo"
Access-Control-Allow-Origin: *
X-Powered-By: Express

{
    "code": 409,
    "message": "Этот логин уже используется. Попробуйте другой."
}
HTTP/1.1 409 Conflict
Content-Length: 112
Content-Type: application/json; charset=utf-8
Set-Cookie: _yasc=Ytnd7oQWm8Wx9N2wSeo84xxvbylGc5y11+0tlHUN3AFn/oXAtiu7KYSYWMKsnhc=; domain=.praktikum-services.ru; path=/; expires=Tue, 05 Feb 2036 09:49:14 GMT; secure
Date: Sat, 07 Feb 2026 09:49:14 GMT
X-Request-Id: 1770457754720464-11802142218509759358
ETag: W/"70-sLG1ZktNk+Ab3iaKUMwxkdL4FJo"
Access-Control-Allow-Origin: *
X-Powered-By: Express

{
    "code": 409,
    "message": "Этот логин уже используется. Попробуйте другой."
}
]]></system-out>
  </testcase>
  <testcase name="courierCreatedWithoutLoginTest" classname="tests.CreateCourierTest" time="0.255">
    <system-out><![CDATA[Request method:	POST
Request URI:	http://qa-scooter.praktikum-services.ru/api/v1/courier
Proxy:			<none>
Request params:	<none>
Query params:	<none>
Form params:	<none>
Path params:	<none>
Headers:		Accept=*/*
				Content-Type=application/json
Cookies:		<none>
Multiparts:		<none>
Body:
{
    "password": "password",
    "firstName": "Донателло"
}
HTTP/1.1 400 Bad Request
ETag: W/"72-AUDx41VLe1HSztSRMybiiyHwcKY"
X-Powered-By: Express
Content-Length: 114
Set-Cookie: _yasc=FVdtMLjEeJUOOAl4tCTA2xp4j5UiksEzglKQLBCsrFpwgWnDWjPh84HQ6BOyG1k=; domain=.praktikum-services.ru; path=/; expires=Tue, 05 Feb 2036 09:49:15 GMT; secure
Access-Control-Allow-Origin: *
Date: Sat, 07 Feb 2026 09:49:15 GMT
X-Request-Id: 1770457755161905-6263136736053592196
Content-Type: application/json; charset=utf-8

{
    "code": 400,
    "message": "Недостаточно данных для создания учетной записи"
}
HTTP/1.1 400 Bad Request
ETag: W/"72-AUDx41VLe1HSztSRMybiiyHwcKY"
X-Powered-By: Express
Content-Length: 114
Set-Cookie: _yasc=FVdtMLjEeJUOOAl4tCTA2xp4j5UiksEzglKQLBCsrFpwgWnDWjPh84HQ6BOyG1k=; domain=.praktikum-services.ru; path=/; expires=Tue, 05 Feb 2036 09:49:15 GMT; secure
Access-Control-Allow-Origin: *
Date: Sat, 07 Feb 2026 09:49:15 GMT
X-Request-Id: 1770457755161905-6263136736053592196
Content-Type: application/json; charset=utf-8

{
    "code": 400,
    "message": "Недостаточно данных для создания учетной записи"
}
HTTP/1.1 400 Bad Request
ETag: W/"72-AUDx41VLe1HSztSRMybiiyHwcKY"
X-Powered-By: Express
Content-Length: 114
Set-Cookie: _yasc=FVdtMLjEeJUOOAl4tCTA2xp4j5UiksEzglKQLBCsrFpwgWnDWjPh84HQ6BOyG1k=; domain=.praktikum-services.ru; path=/; expires=Tue, 05 Feb 2036 09:49:15 GMT; secure
Access-Control-Allow-Origin: *
Date: Sat, 07 Feb 2026 09:49:15 GMT
X-Request-Id: 1770457755161905-6263136736053592196
Content-Type: application/json; charset=utf-8

{
    "code": 400,
    "message": "Недостаточно данных для создания учетной записи"
}
]]></system-out>
  </testcase>
  <testcase name="courierCreatedWithoutPasswordTest" classname="tests.CreateCourierTest" time="0.117">
    <system-out><![CDATA[Request method:	POST
Request URI:	http://qa-scooter.praktikum-services.ru/api/v1/courier
Proxy:			<none>
Request params:	<none>
Query params:	<none>
Form params:	<none>
Path params:	<none>
Headers:		Accept=*/*
				Content-Type=application/json
Cookies:		<none>
Multiparts:		<none>
Body:
{
    "login": "Courier_test",
    "firstName": "Леонардо"
}
HTTP/1.1 400 Bad Request
Content-Length: 114
Content-Type: application/json; charset=utf-8
ETag: W/"72-AUDx41VLe1HSztSRMybiiyHwcKY"
Date: Sat, 07 Feb 2026 09:49:15 GMT
X-Powered-By: Express
Access-Control-Allow-Origin: *
Set-Cookie: _yasc=7RC4BmtdDXyoPwyxm//NjkoX6Yk/iIGPPrmjx1WvYctSWZDclBbXfhu+vT11bA==; domain=.praktikum-services.ru; path=/; expires=Tue, 05 Feb 2036 09:49:15 GMT; secure
X-Request-Id: 1770457755369480-12954533356552496581

{
    "code": 400,
    "message": "Недостаточно данных для создания учетной записи"
}
HTTP/1.1 400 Bad Request
Content-Length: 114
Content-Type: application/json; charset=utf-8
ETag: W/"72-AUDx41VLe1HSztSRMybiiyHwcKY"
Date: Sat, 07 Feb 2026 09:49:15 GMT
X-Powered-By: Express
Access-Control-Allow-Origin: *
Set-Cookie: _yasc=7RC4BmtdDXyoPwyxm//NjkoX6Yk/iIGPPrmjx1WvYctSWZDclBbXfhu+vT11bA==; domain=.praktikum-services.ru; path=/; expires=Tue, 05 Feb 2036 09:49:15 GMT; secure
X-Request-Id: 1770457755369480-12954533356552496581

{
    "code": 400,
    "message": "Недостаточно данных для создания учетной записи"
}
HTTP/1.1 400 Bad Request
Content-Length: 114
Content-Type: application/json; charset=utf-8
ETag: W/"72-AUDx41VLe1HSztSRMybiiyHwcKY"
Date: Sat, 07 Feb 2026 09:49:15 GMT
X-Powered-By: Express
Access-Control-Allow-Origin: *
Set-Cookie: _yasc=7RC4BmtdDXyoPwyxm//NjkoX6Yk/iIGPPrmjx1WvYctSWZDclBbXfhu+vT11bA==; domain=.praktikum-services.ru; path=/; expires=Tue, 05 Feb 2036 09:49:15 GMT; secure
X-Request-Id: 1770457755369480-12954533356552496581

{
    "code": 400,
    "message": "Недостаточно данных для создания учетной записи"
}
]]></system-out>
  </testcase>
</testsuite>