<?xml version="1.0" encoding="UTF-8"?>
<testsuite xmlns:xsi="http://www.w3.org/2001/XMLSchema-instance" xsi:noNamespaceSchemaLocation="https://maven.apache.org/surefire/maven-surefire-plugin/xsd/surefire-test-report-3.0.xsd" version="3.0" name="tests.LoginCourierTest" time="1.01" tests="4" errors="0" skipped="0" failures="0">
  <properties>
[...]
</properties>
  <testcase name="loginWithoutLoginLoginTest" classname="tests.LoginCourierTest" time="0.117">
    <system-out><![CDATA[Request method:	POST
Request URI:	http://qa-scooter.praktikum-services.ru/api/v1/courier
Proxy:			<none>
Request params:	<none>
Query params:	<none>
Form params:	<none>
Path params:	<none>
Headers:		Accept=*/*
				Content-Type=application/json
Cookies:		<none>
Multiparts:		<none>
Body:
{
    "login": "Courier_test1770655280757",
    "password": "qwerty123",
    "firstName": "Рафаэль"
}
HTTP/1.1 201 Created
Content-Type: application/json; charset=utf-8
X-Powered-By: Express
Access-Control-Allow-Origin: *
Date: Mon, 09 Feb 2026 16:41:21 GMT
X-Request-Id: 1770655281124204-3059936528596515167
Content-Length: 11
Set-Cookie: _yasc=BHsObqNH3kfpw1UtG5lAG4Sy4bl6cDlB7ddxHfVnrGjKhEW1V4v9WZn7EDUJ96w=; domain=.praktikum-services.ru; path=/; expires=Thu, 07 Feb 2036 16:41:21 GMT; secure
ETag: W/"b-Ai2R8hgEarLmHKwesT1qcY913ys"

{
    "ok": true
}
HTTP/1.1 201 Created
Content-Type: application/json; charset=utf-8
X-Powered-By: Express
Access-Control-Allow-Origin: *
Date: Mon, 09 Feb 2026 16:41:21 GMT
X-Request-Id: 1770655281124204-3059936528596515167
Content-Length: 11
Set-Cookie: _yasc=BHsObqNH3kfpw1UtG5lAG4Sy4bl6cDlB7ddxHfVnrGjKhEW1V4v9WZn7EDUJ96w=; domain=.praktikum-services.ru; path=/; expires=Thu, 07 Feb 2036 16:41:21 GMT; secure
ETag: W/"b-Ai2R8hgEarLmHKwesT1qcY913ys"

{
    "ok": true
}
Request method:	POST
Request URI:	http://qa-scooter.praktikum-services.ru/api/v1/courier/login
Proxy:			<none>
Request params:	<none>
Query params:	<none>
Form params:	<none>
Path params:	<none>
Headers:		Accept=*/*
				Content-Type=application/json
Cookies:		<none>
Multiparts:		<none>
Body:
{
    "password": "password"
}
HTTP/1.1 400 Bad Request
Content-Type: application/json; charset=utf-8
Content-Length: 80
Set-Cookie: _yasc=/6BZ7AOtd+ynflJREcDS4fRvWuxbtZETpo5BkHlMYpbP0doa9usv7URnYrM3KNI=; domain=.praktikum-services.ru; path=/; expires=Thu, 07 Feb 2036 16:41:21 GMT; secure
Date: Mon, 09 Feb 2026 16:41:21 GMT
X-Powered-By: Express
ETag: W/"50-LwGSJxcCDIE8JNxAo8HI82cPc8A"
Access-Control-Allow-Origin: *
X-Request-Id: 1770655281429659-8130965291579438137

{
    "code": 400,
    "message": "Недостаточно данных для входа"
}
HTTP/1.1 400 Bad Request
Content-Type: application/json; charset=utf-8
Content-Length: 80
Set-Cookie: _yasc=/6BZ7AOtd+ynflJREcDS4fRvWuxbtZETpo5BkHlMYpbP0doa9usv7URnYrM3KNI=; domain=.praktikum-services.ru; path=/; expires=Thu, 07 Feb 2036 16:41:21 GMT; secure
Date: Mon, 09 Feb 2026 16:41:21 GMT
X-Powered-By: Express
ETag: W/"50-LwGSJxcCDIE8JNxAo8HI82cPc8A"
Access-Control-Allow-Origin: *
X-Request-Id: 1770655281429659-8130965291579438137

{
    "code": 400,
    "message": "Недостаточно данных для входа"
}
HTTP/1.1 400 Bad Request
Content-Type: application/json; charset=utf-8
Content-Length: 80
Set-Cookie: _yasc=/6BZ7AOtd+ynflJREcDS4fRvWuxbtZETpo5BkHlMYpbP0doa9usv7URnYrM3KNI=; domain=.praktikum-services.ru; path=/; expires=Thu, 07 Feb 2036 16:41:21 GMT; secure
Date: Mon, 09 Feb 2026 16:41:21 GMT
X-Powered-By: Express
ETag: W/"50-LwGSJxcCDIE8JNxAo8HI82cPc8A"
Access-Control-Allow-Origin: *
X-Request-Id: 1770655281429659-8130965291579438137

{
    "code": 400,
    "message": "Недостаточно данных для входа"
}
]]></system-out>
  </testcase>
  <testcase name="courierCanLoginTest" classname="tests.LoginCourierTest" time="0.392">
    <system-out><![CDATA[Request method:	POST
Request URI:	http://qa-scooter.praktikum-services.ru/api/v1/courier
Proxy:			<none>
Request params:	<none>
Query params:	<none>
Form params:	<none>
Path params:	<none>
Headers:		Accept=*/*
				Content-Type=application/json
Cookies:		<none>
Multiparts:		<none>
Body:
{
    "login": "Courier_test1770655281186",
    "password": "qwerty123",
    "firstName": "Рафаэль"
}
HTTP/1.1 201 Created
Access-Control-Allow-Origin: *
Content-Type: application/json; charset=utf-8
Date: Mon, 09 Feb 2026 16:41:21 GMT
X-Request-Id: 1770655281544731-16405114232934799625
ETag: W/"b-Ai2R8hgEarLmHKwesT1qcY913ys"
Content-Length: 11
X-Powered-By: Express
Set-Cookie: _yasc=7ruULS1btrlVFiFH1wANbWU/KDVg5L1Yuv2ecXvLwCorM5Q6bU+6Y1wim60BnmU=; domain=.praktikum-services.ru; path=/; expires=Thu, 07 Feb 2036 16:41:21 GMT; secure

{
    "ok": true
}
HTTP/1.1 201 Created
Access-Control-Allow-Origin: *
Content-Type: application/json; charset=utf-8
Date: Mon, 09 Feb 2026 16:41:21 GMT
X-Request-Id: 1770655281544731-16405114232934799625
ETag: W/"b-Ai2R8hgEarLmHKwesT1qcY913ys"
Content-Length: 11
X-Powered-By: Express
Set-Cookie: _yasc=7ruULS1btrlVFiFH1wANbWU/KDVg5L1Yuv2ecXvLwCorM5Q6bU+6Y1wim60BnmU=; domain=.praktikum-services.ru; path=/; expires=Thu, 07 Feb 2036 16:41:21 GMT; secure

{
    "ok": true
}
Request method:	POST
Request URI:	http://qa-scooter.praktikum-services.ru/api/v1/courier/login
Proxy:			<none>
Request params:	<none>
Query params:	<none>
Form params:	<none>
Path params:	<none>
Headers:		Accept=*/*
				Content-Type=application/json
Cookies:		<none>
Multiparts:		<none>
Body:
{
    "login": "Courier_test1770655281186",
    "password": "qwerty123"
}
HTTP/1.1 200 OK
Date: Mon, 09 Feb 2026 16:41:21 GMT
Access-Control-Allow-Origin: *
Content-Type: application/json; charset=utf-8
Content-Length: 13
ETag: W/"d-EbfbKPaXlO3JzR3hkQBDRsbUOoQ"
X-Powered-By: Express
X-Request-Id: 1770655281676166-11564540537994036644
Set-Cookie: _yasc=KMpBlYQk7M/e8ZzDs3h/udFeAvVCF2xM9p9Ju4awEQX0nxEIN1/95eELT9EQlk4=; domain=.praktikum-services.ru; path=/; expires=Thu, 07 Feb 2036 16:41:21 GMT; secure

{
    "id": 697447
}
HTTP/1.1 200 OK
Date: Mon, 09 Feb 2026 16:41:21 GMT
Access-Control-Allow-Origin: *
Content-Type: application/json; charset=utf-8
Content-Length: 13
ETag: W/"d-EbfbKPaXlO3JzR3hkQBDRsbUOoQ"
X-Powered-By: Express
X-Request-Id: 1770655281676166-11564540537994036644
Set-Cookie: _yasc=KMpBlYQk7M/e8ZzDs3h/udFeAvVCF2xM9p9Ju4awEQX0nxEIN1/95eELT9EQlk4=; domain=.praktikum-services.ru; path=/; expires=Thu, 07 Feb 2036 16:41:21 GMT; secure

{
    "id": 697447
}
Request method:	DELETE
Request URI:	http://qa-scooter.praktikum-services.ru/api/v1/courier/697447
Proxy:			<none>
Request params:	<none>
Query params:	<none>
Form params:	<none>
Path params:	id=697447
Headers:		Accept=*/*
				Content-Type=application/json
Cookies:		<none>
Multiparts:		<none>
Body:			<none>
HTTP/1.1 200 OK
Set-Cookie: _yasc=+adEOK14nqXQCqL1lXYodDzlSZ7ef33rnyXttrPJMrOHDd+zLUAbIQlLIoLj5g==; domain=.praktikum-services.ru; path=/; expires=Thu, 07 Feb 2036 16:41:21 GMT; secure
X-Powered-By: Express
Access-Control-Allow-Origin: *
Date: Mon, 09 Feb 2026 16:41:21 GMT
ETag: W/"b-Ai2R8hgEarLmHKwesT1qcY913ys"
Content-Length: 11
Content-Type: application/json; charset=utf-8
X-Request-Id: 1770655281828612-5759259755834403685

{
    "ok": true
}
]]></system-out>
  </testcase>
  <testcase name="loginFailsForNonExistentLoginTest" classname="tests.LoginCourierTest" time="0.253">
    <system-out><![CDATA[Request method:	POST
Request URI:	http://qa-scooter.praktikum-services.ru/api/v1/courier
Proxy:			<none>
Request params:	<none>
Query params:	<none>
Form params:	<none>
Path params:	<none>
Headers:		Accept=*/*
				Content-Type=application/json
Cookies:		<none>
Multiparts:		<none>
Body:
{
    "login": "Courier_test1770655281577",
    "password": "qwerty123",
    "firstName": "Рафаэль"
}
HTTP/1.1 201 Created
ETag: W/"b-Ai2R8hgEarLmHKwesT1qcY913ys"
Set-Cookie: _yasc=aqJYwTJEk8/W/+/lJNe2CzUF/lK1t7lV1tFL0CRObM+dYm67bksez7mBObX95A==; domain=.praktikum-services.ru; path=/; expires=Thu, 07 Feb 2036 16:41:21 GMT; secure
X-Powered-By: Express
Date: Mon, 09 Feb 2026 16:41:21 GMT
Content-Type: application/json; charset=utf-8
X-Request-Id: 1770655281923872-17819684298967155221
Access-Control-Allow-Origin: *
Content-Length: 11

{
    "ok": true
}
HTTP/1.1 201 Created
ETag: W/"b-Ai2R8hgEarLmHKwesT1qcY913ys"
Set-Cookie: _yasc=aqJYwTJEk8/W/+/lJNe2CzUF/lK1t7lV1tFL0CRObM+dYm67bksez7mBObX95A==; domain=.praktikum-services.ru; path=/; expires=Thu, 07 Feb 2036 16:41:21 GMT; secure
X-Powered-By: Express
Date: Mon, 09 Feb 2026 16:41:21 GMT
Content-Type: application/json; charset=utf-8
X-Request-Id: 1770655281923872-17819684298967155221
Access-Control-Allow-Origin: *
Content-Length: 11

{
    "ok": true
}
Request method:	POST
Request URI:	http://qa-scooter.praktikum-services.ru/api/v1/courier/login
Proxy:			<none>
Request params:	<none>
Query params:	<none>
Form params:	<none>
Path params:	<none>
Headers:		Accept=*/*
				Content-Type=application/json
Cookies:		<none>
Multiparts:		<none>
Body:
{
    "login": "Сплинтер",
    "password": "qwerty123"
}
HTTP/1.1 404 Not Found
Access-Control-Allow-Origin: *
X-Request-Id: 1770655282026511-5779791371319504456
Content-Length: 72
Date: Mon, 09 Feb 2026 16:41:22 GMT
X-Powered-By: Express
ETag: W/"48-SNOWaDub1LGYtleYI6ITphu8xIQ"
Content-Type: application/json; charset=utf-8
Set-Cookie: _yasc=ClCIHuFzZ0N+2O5U3fTXOn0tLlDU9CIQxZYfA+fy3Rfo2oGGeMmAYmMEKwlLSQ==; domain=.praktikum-services.ru; path=/; expires=Thu, 07 Feb 2036 16:41:22 GMT; secure

{
    "code": 404,
    "message": "Учетная запись не найдена"
}
HTTP/1.1 404 Not Found
Access-Control-Allow-Origin: *
X-Request-Id: 1770655282026511-5779791371319504456
Content-Length: 72
Date: Mon, 09 Feb 2026 16:41:22 GMT
X-Powered-By: Express
ETag: W/"48-SNOWaDub1LGYtleYI6ITphu8xIQ"
Content-Type: application/json; charset=utf-8
Set-Cookie: _yasc=ClCIHuFzZ0N+2O5U3fTXOn0tLlDU9CIQxZYfA+fy3Rfo2oGGeMmAYmMEKwlLSQ==; domain=.praktikum-services.ru; path=/; expires=Thu, 07 Feb 2036 16:41:22 GMT; secure

{
    "code": 404,
    "message": "Учетная запись не найдена"
}
HTTP/1.1 404 Not Found
Access-Control-Allow-Origin: *
X-Request-Id: 1770655282026511-5779791371319504456
Content-Length: 72
Date: Mon, 09 Feb 2026 16:41:22 GMT
X-Powered-By: Express
ETag: W/"48-SNOWaDub1LGYtleYI6ITphu8xIQ"
Content-Type: application/json; charset=utf-8
Set-Cookie: _yasc=ClCIHuFzZ0N+2O5U3fTXOn0tLlDU9CIQxZYfA+fy3Rfo2oGGeMmAYmMEKwlLSQ==; domain=.praktikum-services.ru; path=/; expires=Thu, 07 Feb 2036 16:41:22 GMT; secure

{
    "code": 404,
    "message": "Учетная запись не найдена"
}
]]></system-out>
  </testcase>
  <testcase name="courierCanNotLoginTest" classname="tests.LoginCourierTest" time="0.2">
    <system-out><![CDATA[Request method:	POST
Request URI:	http://qa-scooter.praktikum-services.ru/api/v1/courier
Proxy:			<none>
Request params:	<none>
Query params:	<none>
Form params:	<none>
Path params:	<none>
Headers:		Accept=*/*
				Content-Type=application/json
Cookies:		<none>
Multiparts:		<none>
Body:
{
    "login": "Courier_test1770655281779",
    "password": "qwerty123",
    "firstName": "Рафаэль"
}
HTTP/1.1 201 Created
Content-Length: 11
ETag: W/"b-Ai2R8hgEarLmHKwesT1qcY913ys"
Access-Control-Allow-Origin: *
Date: Mon, 09 Feb 2026 16:41:22 GMT
Content-Type: application/json; charset=utf-8
Set-Cookie: _yasc=QPGaTi7tO03j4/pTVUWm0A58va9OpQQBqWoBPVbequIqEp8jnv+gOjW++LcQChA=; domain=.praktikum-services.ru; path=/; expires=Thu, 07 Feb 2036 16:41:22 GMT; secure
X-Request-Id: 1770655282147287-16814860688321947080
X-Powered-By: Express

{
    "ok": true
}
HTTP/1.1 201 Created
Content-Length: 11
ETag: W/"b-Ai2R8hgEarLmHKwesT1qcY913ys"
Access-Control-Allow-Origin: *
Date: Mon, 09 Feb 2026 16:41:22 GMT
Content-Type: application/json; charset=utf-8
Set-Cookie: _yasc=QPGaTi7tO03j4/pTVUWm0A58va9OpQQBqWoBPVbequIqEp8jnv+gOjW++LcQChA=; domain=.praktikum-services.ru; path=/; expires=Thu, 07 Feb 2036 16:41:22 GMT; secure
X-Request-Id: 1770655282147287-16814860688321947080
X-Powered-By: Express

{
    "ok": true
}
Request method:	POST
Request URI:	http://qa-scooter.praktikum-services.ru/api/v1/courier/login
Proxy:			<none>
Request params:	<none>
Query params:	<none>
Form params:	<none>
Path params:	<none>
Headers:		Accept=*/*
				Content-Type=application/json
Cookies:		<none>
Multiparts:		<none>
Body:
{
    "login": "0000",
    "password": "Шреддер"
}
HTTP/1.1 404 Not Found
Content-Type: application/json; charset=utf-8
ETag: W/"48-SNOWaDub1LGYtleYI6ITphu8xIQ"
Date: Mon, 09 Feb 2026 16:41:22 GMT
Set-Cookie: _yasc=7vvMpIStgTWE3ovT4Mh59lPmaMO+X9JkeE6nRTAvb27K2VqnK8yKNdFp5lGahg==; domain=.praktikum-services.ru; path=/; expires=Thu, 07 Feb 2036 16:41:22 GMT; secure
Content-Length: 72
Access-Control-Allow-Origin: *
X-Request-Id: 1770655282258819-6916050864955657459
X-Powered-By: Express

{
    "code": 404,
    "message": "Учетная запись не найдена"
}
HTTP/1.1 404 Not Found
Content-Type: application/json; charset=utf-8
ETag: W/"48-SNOWaDub1LGYtleYI6ITphu8xIQ"
Date: Mon, 09 Feb 2026 16:41:22 GMT
Set-Cookie: _yasc=7vvMpIStgTWE3ovT4Mh59lPmaMO+X9JkeE6nRTAvb27K2VqnK8yKNdFp5lGahg==; domain=.praktikum-services.ru; path=/; expires=Thu, 07 Feb 2036 16:41:22 GMT; secure
Content-Length: 72
Access-Control-Allow-Origin: *
X-Request-Id: 1770655282258819-6916050864955657459
X-Powered-By: Express

{
    "code": 404,
    "message": "Учетная запись не найдена"
}
HTTP/1.1 404 Not Found
Content-Type: application/json; charset=utf-8
ETag: W/"48-SNOWaDub1LGYtleYI6ITphu8xIQ"
Date: Mon, 09 Feb 2026 16:41:22 GMT
Set-Cookie: _yasc=7vvMpIStgTWE3ovT4Mh59lPmaMO+X9JkeE6nRTAvb27K2VqnK8yKNdFp5lGahg==; domain=.praktikum-services.ru; path=/; expires=Thu, 07 Feb 2036 16:41:22 GMT; secure
Content-Length: 72
Access-Control-Allow-Origin: *
X-Request-Id: 1770655282258819-6916050864955657459
X-Powered-By: Express

{
    "code": 404,
    "message": "Учетная запись не найдена"
}
]]></system-out>
  </testcase>
</testsuite>