<?xml version="1.0" encoding="UTF-8"?>
<testsuite xmlns:xsi="http://www.w3.org/2001/XMLSchema-instance" xsi:noNamespaceSchemaLocation="https://maven.apache.org/surefire/maven-surefire-plugin/xsd/surefire-test-report-3.0.xsd" version="3.0" name="tests.CreateOrderParamTest" time="0.506" tests="4" errors="0" skipped="0" failures="0">
  <properties>
[...]
</properties>
  <testcase name="createOrderTest[0: Тест с цветом []]" classname="tests.CreateOrderParamTest" time="0.132">
    <system-out><![CDATA[Request method:	POST
Request URI:	http://qa-scooter.praktikum-services.ru/api/v1/orders
Proxy:			<none>
Request params:	<none>
Query params:	<none>
Form params:	<none>
Path params:	<none>
Headers:		Accept=*/*
				Content-Type=application/json
Cookies:		<none>
Multiparts:		<none>
Body:
{
    "firstName": "Леонардо",
    "lastName": "Дикаприо",
    "address": "Голливуд",
    "metroStation": "4",
    "phone": "89160000000",
    "rentTime": 1,
    "deliveryDate": "05.02.2026",
    "comment": "без комментариев",
    "color": [
        
    ]
}
HTTP/1.1 201 Created
X-Powered-By: Express
Access-Control-Allow-Origin: *
ETag: W/"10-VmhPf3dnqNy+myM0RP+7fAQ6gp0"
Content-Type: application/json; charset=utf-8
Content-Length: 16
Date: Mon, 09 Feb 2026 16:41:08 GMT
X-Request-Id: 1770655268381840-14801406964179910882
Set-Cookie: _yasc=wNsH3lbHSkFPSCDFmJq1+Q8rFyB5Qb810D0iILM8GQ/Slen61zqK2+QVXxXW8ug=; domain=.praktikum-services.ru; path=/; expires=Thu, 07 Feb 2036 16:41:08 GMT; secure

{
    "track": 375112
}
HTTP/1.1 201 Created
X-Powered-By: Express
Access-Control-Allow-Origin: *
ETag: W/"10-VmhPf3dnqNy+myM0RP+7fAQ6gp0"
Content-Type: application/json; charset=utf-8
Content-Length: 16
Date: Mon, 09 Feb 2026 16:41:08 GMT
X-Request-Id: 1770655268381840-14801406964179910882
Set-Cookie: _yasc=wNsH3lbHSkFPSCDFmJq1+Q8rFyB5Qb810D0iILM8GQ/Slen61zqK2+QVXxXW8ug=; domain=.praktikum-services.ru; path=/; expires=Thu, 07 Feb 2036 16:41:08 GMT; secure

{
    "track": 375112
}
]]></system-out>
  </testcase>
  <testcase name="createOrderTest[1: Тест с цветом [BLACK]]" classname="tests.CreateOrderParamTest" time="0.173">
    <system-out><![CDATA[Request method:	POST
Request URI:	http://qa-scooter.praktikum-services.ru/api/v1/orders
Proxy:			<none>
Request params:	<none>
Query params:	<none>
Form params:	<none>
Path params:	<none>
Headers:		Accept=*/*
				Content-Type=application/json
Cookies:		<none>
Multiparts:		<none>
Body:
{
    "firstName": "Леонардо",
    "lastName": "Дикаприо",
    "address": "Голливуд",
    "metroStation": "4",
    "phone": "89160000000",
    "rentTime": 1,
    "deliveryDate": "05.02.2026",
    "comment": "без комментариев",
    "color": [
        "BLACK"
    ]
}
HTTP/1.1 201 Created
X-Powered-By: Express
Content-Type: application/json; charset=utf-8
Content-Length: 16
ETag: W/"10-C4SnrcBw5zULPGD/uDWhIQzMErw"
Date: Mon, 09 Feb 2026 16:41:08 GMT
X-Request-Id: 1770655268522914-13314146370618212287
Access-Control-Allow-Origin: *
Set-Cookie: _yasc=5bH8ai44wfFNXY+OIWbXgyJizwL7wRglICIqZuBVyYf0tonMvaIxaFhHyZFwoxo=; domain=.praktikum-services.ru; path=/; expires=Thu, 07 Feb 2036 16:41:08 GMT; secure

{
    "track": 617438
}
HTTP/1.1 201 Created
X-Powered-By: Express
Content-Type: application/json; charset=utf-8
Content-Length: 16
ETag: W/"10-C4SnrcBw5zULPGD/uDWhIQzMErw"
Date: Mon, 09 Feb 2026 16:41:08 GMT
X-Request-Id: 1770655268522914-13314146370618212287
Access-Control-Allow-Origin: *
Set-Cookie: _yasc=5bH8ai44wfFNXY+OIWbXgyJizwL7wRglICIqZuBVyYf0tonMvaIxaFhHyZFwoxo=; domain=.praktikum-services.ru; path=/; expires=Thu, 07 Feb 2036 16:41:08 GMT; secure

{
    "track": 617438
}
]]></system-out>
  </testcase>
  <testcase name="createOrderTest[2: Тест с цветом [GREY]]" classname="tests.CreateOrderParamTest" time="0.069">
    <system-out><![CDATA[Request method:	POST
Request URI:	http://qa-scooter.praktikum-services.ru/api/v1/orders
Proxy:			<none>
Request params:	<none>
Query params:	<none>
Form params:	<none>
Path params:	<none>
Headers:		Accept=*/*
				Content-Type=application/json
Cookies:		<none>
Multiparts:		<none>
Body:
{
    "firstName": "Леонардо",
    "lastName": "Дикаприо",
    "address": "Голливуд",
    "metroStation": "4",
    "phone": "89160000000",
    "rentTime": 1,
    "deliveryDate": "05.02.2026",
    "comment": "без комментариев",
    "color": [
        "GREY"
    ]
}
HTTP/1.1 201 Created
Set-Cookie: _yasc=/EhJQTedVbVu8yLDBSh9cWUUxL58AkwJKVEt9N2S6NcIyIYsRpetrXnsNBztL8E=; domain=.praktikum-services.ru; path=/; expires=Thu, 07 Feb 2036 16:41:08 GMT; secure
X-Request-Id: 1770655268680579-18205145475537539494
X-Powered-By: Express
Date: Mon, 09 Feb 2026 16:41:08 GMT
Access-Control-Allow-Origin: *
Content-Type: application/json; charset=utf-8
ETag: W/"10-iC7gtuWy0Njr8OfW9BBOEKOL20k"
Content-Length: 16

{
    "track": 281970
}
HTTP/1.1 201 Created
Set-Cookie: _yasc=/EhJQTedVbVu8yLDBSh9cWUUxL58AkwJKVEt9N2S6NcIyIYsRpetrXnsNBztL8E=; domain=.praktikum-services.ru; path=/; expires=Thu, 07 Feb 2036 16:41:08 GMT; secure
X-Request-Id: 1770655268680579-18205145475537539494
X-Powered-By: Express
Date: Mon, 09 Feb 2026 16:41:08 GMT
Access-Control-Allow-Origin: *
Content-Type: application/json; charset=utf-8
ETag: W/"10-iC7gtuWy0Njr8OfW9BBOEKOL20k"
Content-Length: 16

{
    "track": 281970
}
]]></system-out>
  </testcase>
  <testcase name="createOrderTest[3: Тест с цветом [BLACK, GREY]]" classname="tests.CreateOrderParamTest" time="0.11">
    <system-out><![CDATA[Request method:	POST
Request URI:	http://qa-scooter.praktikum-services.ru/api/v1/orders
Proxy:			<none>
Request params:	<none>
Query params:	<none>
Form params:	<none>
Path params:	<none>
Headers:		Accept=*/*
				Content-Type=application/json
Cookies:		<none>
Multiparts:		<none>
Body:
{
    "firstName": "Леонардо",
    "lastName": "Дикаприо",
    "address": "Голливуд",
    "metroStation": "4",
    "phone": "89160000000",
    "rentTime": 1,
    "deliveryDate": "05.02.2026",
    "comment": "без комментариев",
    "color": [
        "BLACK",
        "GREY"
    ]
}
HTTP/1.1 201 Created
Content-Length: 16
ETag: W/"10-SioBG/ELSPfNQHHwPmrRPQWvrJ8"
Access-Control-Allow-Origin: *
Date: Mon, 09 Feb 2026 16:41:08 GMT
X-Request-Id: 1770655268776962-17319338600265630643
X-Powered-By: Express
Content-Type: application/json; charset=utf-8
Set-Cookie: _yasc=rWHehvvItSrum/D9DZEM+LWY/WJwS043Da28Q89L88FoHNW8j0qmbvMu4mPWtQ==; domain=.praktikum-services.ru; path=/; expires=Thu, 07 Feb 2036 16:41:08 GMT; secure

{
    "track": 417164
}
HTTP/1.1 201 Created
Content-Length: 16
ETag: W/"10-SioBG/ELSPfNQHHwPmrRPQWvrJ8"
Access-Control-Allow-Origin: *
Date: Mon, 09 Feb 2026 16:41:08 GMT
X-Request-Id: 1770655268776962-17319338600265630643
X-Powered-By: Express
Content-Type: application/json; charset=utf-8
Set-Cookie: _yasc=rWHehvvItSrum/D9DZEM+LWY/WJwS043Da28Q89L88FoHNW8j0qmbvMu4mPWtQ==; domain=.praktikum-services.ru; path=/; expires=Thu, 07 Feb 2036 16:41:08 GMT; secure

{
    "track": 417164
}
]]></system-out>
  </testcase>
</testsuite>