<?xml version="1.0" encoding="UTF-8"?>
<testsuite xmlns:xsi="http://www.w3.org/2001/XMLSchema-instance" xsi:noNamespaceSchemaLocation="https://maven.apache.org/surefire/maven-surefire-plugin/xsd/surefire-test-report-3.0.xsd" version="3.0" name="tests.CreateCourierTest" time="12.335" tests="4" errors="0" skipped="0" failures="1">
  <properties>
[...]
</properties>
  <testcase name="courierCreatedTest" classname="tests.CreateCourierTest" time="10.844">
    <system-out><![CDATA[Request method:	POST
Request URI:	http://qa-scooter.praktikum-services.ru/api/v1/courier
Proxy:			<none>
Request params:	<none>
Query params:	<none>
Form params:	<none>
Path params:	<none>
Headers:		Accept=*/*
				Content-Type=application/json
Cookies:		<none>
Multiparts:		<none>
Body:
{
    "login": "Courier_test1770655256064",
    "password": "qwerty123",
    "firstName": "Рафаэль"
}
HTTP/1.1 201 Created
X-Request-Id: 1770655263968702-3984209285700267659
Content-Length: 11
ETag: W/"b-Ai2R8hgEarLmHKwesT1qcY913ys"
Set-Cookie: _yasc=adOrif3CGCN8hhLfSqQ7zfQbnqm7oS1V7FMgeopWRiWpj++Z4Av0VcxNFPbeQNY=; domain=.praktikum-services.ru; path=/; expires=Thu, 07 Feb 2036 16:41:03 GMT; secure
X-Powered-By: Express
Content-Type: application/json; charset=utf-8
Access-Control-Allow-Origin: *
Date: Mon, 09 Feb 2026 16:41:04 GMT

{
    "ok": true
}
HTTP/1.1 201 Created
X-Request-Id: 1770655263968702-3984209285700267659
Content-Length: 11
ETag: W/"b-Ai2R8hgEarLmHKwesT1qcY913ys"
Set-Cookie: _yasc=adOrif3CGCN8hhLfSqQ7zfQbnqm7oS1V7FMgeopWRiWpj++Z4Av0VcxNFPbeQNY=; domain=.praktikum-services.ru; path=/; expires=Thu, 07 Feb 2036 16:41:03 GMT; secure
X-Powered-By: Express
Content-Type: application/json; charset=utf-8
Access-Control-Allow-Origin: *
Date: Mon, 09 Feb 2026 16:41:04 GMT

{
    "ok": true
}
Request method:	POST
Request URI:	http://qa-scooter.praktikum-services.ru/api/v1/courier/login
Proxy:			<none>
Request params:	<none>
Query params:	<none>
Form params:	<none>
Path params:	<none>
Headers:		Accept=*/*
				Content-Type=application/json
Cookies:		<none>
Multiparts:		<none>
Body:
{
    "login": "Courier_test1770655256064",
    "password": "qwerty123",
    "firstName": "Рафаэль"
}
HTTP/1.1 200 OK
Date: Mon, 09 Feb 2026 16:41:06 GMT
Set-Cookie: _yasc=gae3oEfLi58yrUYpzg27tOGtJ7QOIVMqIIg83NhV8omTQMtNAyUFuiClo8msww==; domain=.praktikum-services.ru; path=/; expires=Thu, 07 Feb 2036 16:41:06 GMT; secure
Access-Control-Allow-Origin: *
Content-Length: 13
X-Request-Id: 1770655266647365-17958275253196543845
X-Powered-By: Express
Content-Type: application/json; charset=utf-8
ETag: W/"d-0PyE1ZuX0MUeaacuD5f5s3TBPDI"

{
    "id": 697444
}
HTTP/1.1 200 OK
Date: Mon, 09 Feb 2026 16:41:06 GMT
Set-Cookie: _yasc=gae3oEfLi58yrUYpzg27tOGtJ7QOIVMqIIg83NhV8omTQMtNAyUFuiClo8msww==; domain=.praktikum-services.ru; path=/; expires=Thu, 07 Feb 2036 16:41:06 GMT; secure
Access-Control-Allow-Origin: *
Content-Length: 13
X-Request-Id: 1770655266647365-17958275253196543845
X-Powered-By: Express
Content-Type: application/json; charset=utf-8
ETag: W/"d-0PyE1ZuX0MUeaacuD5f5s3TBPDI"

{
    "id": 697444
}
Request method:	DELETE
Request URI:	http://qa-scooter.praktikum-services.ru/api/v1/courier/697444
Proxy:			<none>
Request params:	<none>
Query params:	<none>
Form params:	<none>
Path params:	id=697444
Headers:		Accept=*/*
				Content-Type=application/json
Cookies:		<none>
Multiparts:		<none>
Body:			<none>
HTTP/1.1 200 OK
X-Powered-By: Express
Access-Control-Allow-Origin: *
ETag: W/"b-Ai2R8hgEarLmHKwesT1qcY913ys"
Set-Cookie: _yasc=Mo1+m2/PBvmrClz+Z+veat6sVUQZnRVub65NADO+uXuSxbvVKNZU9kfP7/Qsr9A=; domain=.praktikum-services.ru; path=/; expires=Thu, 07 Feb 2036 16:41:06 GMT; secure
X-Request-Id: 1770655266984748-17079484254133697333
Content-Type: application/json; charset=utf-8
Date: Mon, 09 Feb 2026 16:41:07 GMT
Content-Length: 11

{
    "ok": true
}
]]></system-out>
    <system-err><![CDATA[SLF4J: Failed to load class "org.slf4j.impl.StaticLoggerBinder".
SLF4J: Defaulting to no-operation (NOP) logger implementation
SLF4J: See http://www.slf4j.org/codes.html#StaticLoggerBinder for further details.
]]></system-err>
  </testcase>
  <testcase name="identicalCourierCreatedTest" classname="tests.CreateCourierTest" time="0.818">
    <failure message="1 expectation failed.&#10;JSON path message doesn&apos;t match.&#10;Expected: Этот логин уже используется&#10;  Actual: Этот логин уже используется. Попробуйте другой.&#10;" type="java.lang.AssertionError"><![CDATA[java.lang.AssertionError: 
1 expectation failed.
JSON path message doesn't match.
Expected: Этот логин уже используется
  Actual: Этот логин уже используется. Попробуйте другой.

	at java.base/jdk.internal.reflect.NativeConstructorAccessorImpl.newInstance0(Native Method)
	at java.base/jdk.internal.reflect.NativeConstructorAccessorImpl.newInstance(NativeConstructorAccessorImpl.java:62)
	at java.base/jdk.internal.reflect.DelegatingConstructorAccessorImpl.newInstance(DelegatingConstructorAccessorImpl.java:45)
	at java.base/java.lang.reflect.Constructor.newInstance(Constructor.java:490)
	at org.codehaus.groovy.reflection.CachedConstructor.invoke(CachedConstructor.java:72)
	at org.codehaus.groovy.reflection.CachedConstructor.doConstructorInvoke(CachedConstructor.java:59)
	at org.codehaus.groovy.runtime.callsite.ConstructorSite$ConstructorSiteNoUnwrap.callConstructor(ConstructorSite.java:84)
	at org.codehaus.groovy.runtime.callsite.CallSiteArray.defaultCallConstructor(CallSiteArray.java:59)
	at org.codehaus.groovy.runtime.callsite.AbstractCallSite.callConstructor(AbstractCallSite.java:263)
	at org.codehaus.groovy.runtime.callsite.AbstractCallSite.callConstructor(AbstractCallSite.java:277)
	at io.restassured.internal.ResponseSpecificationImpl$HamcrestAssertionClosure.validate(ResponseSpecificationImpl.groovy:499)
	at io.restassured.internal.ResponseSpecificationImpl$HamcrestAssertionClosure$validate$1.call(Unknown Source)
	at io.restassured.internal.ResponseSpecificationImpl.validateResponseIfRequired(ResponseSpecificationImpl.groovy:684)
	at java.base/jdk.internal.reflect.NativeMethodAccessorImpl.invoke0(Native Method)
	at java.base/jdk.internal.reflect.NativeMethodAccessorImpl.invoke(NativeMethodAccessorImpl.java:62)
	at java.base/jdk.internal.reflect.DelegatingMethodAccessorImpl.invoke(DelegatingMethodAccessorImpl.java:43)
	at java.base/java.lang.reflect.Method.invoke(Method.java:566)
	at org.codehaus.groovy.runtime.callsite.PlainObjectMetaMethodSite.doInvoke(PlainObjectMetaMethodSite.java:43)
	at org.codehaus.groovy.runtime.callsite.PogoMetaMethodSite$PogoCachedMethodSiteNoUnwrapNoCoerce.invoke(PogoMetaMethodSite.java:193)
	at org.codehaus.groovy.runtime.callsite.PogoMetaMethodSite.callCurrent(PogoMetaMethodSite.java:61)
	at org.codehaus.groovy.runtime.callsite.AbstractCallSite.callCurrent(AbstractCallSite.java:185)
	at io.restassured.internal.ResponseSpecificationImpl.body(ResponseSpecificationImpl.groovy:262)
	at io.restassured.specification.ResponseSpecification$body$1.callCurrent(Unknown Source)
	at org.codehaus.groovy.runtime.callsite.CallSiteArray.defaultCallCurrent(CallSiteArray.java:51)
	at io.restassured.specification.ResponseSpecification$body$1.callCurrent(Unknown Source)
	at io.restassured.internal.ResponseSpecificationImpl.body(ResponseSpecificationImpl.groovy:109)
	at io.restassured.internal.ValidatableResponseOptionsImpl.body(ValidatableResponseOptionsImpl.java:244)
	at io.restassured.internal.ValidatableResponseImpl.super$2$body(ValidatableResponseImpl.groovy)
	at java.base/jdk.internal.reflect.NativeMethodAccessorImpl.invoke0(Native Method)
	at java.base/jdk.internal.reflect.NativeMethodAccessorImpl.invoke(NativeMethodAccessorImpl.java:62)
	at java.base/jdk.internal.reflect.DelegatingMethodAccessorImpl.invoke(DelegatingMethodAccessorImpl.java:43)
	at java.base/java.lang.reflect.Method.invoke(Method.java:566)
	at org.codehaus.groovy.reflection.CachedMethod.invoke(CachedMethod.java:107)
	at groovy.lang.MetaMethod.doMethodInvoke(MetaMethod.java:323)
	at groovy.lang.MetaClassImpl.invokeMethod(MetaClassImpl.java:1268)
	at org.codehaus.groovy.runtime.ScriptBytecodeAdapter.invokeMethodOnSuperN(ScriptBytecodeAdapter.java:144)
	at io.restassured.internal.ValidatableResponseImpl.body(ValidatableResponseImpl.groovy:298)
	at io.restassured.internal.ValidatableResponseImpl.body(ValidatableResponseImpl.groovy)
	at tests.CreateCourierTest.identicalCourierCreatedTest(CreateCourierTest.java:61)
	at java.base/jdk.internal.reflect.NativeMethodAccessorImpl.invoke0(Native Method)
	at java.base/jdk.internal.reflect.NativeMethodAccessorImpl.invoke(NativeMethodAccessorImpl.java:62)
	at java.base/jdk.internal.reflect.DelegatingMethodAccessorImpl.invoke(DelegatingMethodAccessorImpl.java:43)
	at java.base/java.lang.reflect.Method.invoke(Method.java:566)
	at org.junit.runners.model.FrameworkMethod$1.runReflectiveCall(FrameworkMethod.java:59)
	at org.junit.internal.runners.model.ReflectiveCallable.run(ReflectiveCallable.java:12)
	at org.junit.runners.model.FrameworkMethod.invokeExplosively(FrameworkMethod.java:56)
	at org.junit.internal.runners.statements.InvokeMethod.evaluate(InvokeMethod.java:17)
	at org.junit.internal.runners.statements.RunAfters.evaluate(RunAfters.java:27)
	at org.junit.runners.ParentRunner$3.evaluate(ParentRunner.java:306)
	at org.junit.runners.BlockJUnit4ClassRunner$1.evaluate(BlockJUnit4ClassRunner.java:100)
	at org.junit.runners.ParentRunner.runLeaf(ParentRunner.java:366)
	at org.junit.runners.BlockJUnit4ClassRunner.runChild(BlockJUnit4ClassRunner.java:103)
	at org.junit.runners.BlockJUnit4ClassRunner.runChild(BlockJUnit4ClassRunner.java:63)
	at org.junit.runners.ParentRunner$4.run(ParentRunner.java:331)
	at org.junit.runners.ParentRunner$1.schedule(ParentRunner.java:79)
	at org.junit.runners.ParentRunner.runChildren(ParentRunner.java:329)
	at org.junit.runners.ParentRunner.access$100(ParentRunner.java:66)
	at org.junit.runners.ParentRunner$2.evaluate(ParentRunner.java:293)
	at org.junit.runners.ParentRunner$3.evaluate(ParentRunner.java:306)
	at org.junit.runners.ParentRunner.run(ParentRunner.java:413)
	at org.apache.maven.surefire.junit4.JUnit4Provider.execute(JUnit4Provider.java:316)
	at org.apache.maven.surefire.junit4.JUnit4Provider.executeWithRerun(JUnit4Provider.java:240)
	at org.apache.maven.surefire.junit4.JUnit4Provider.executeTestSet(JUnit4Provider.java:214)
	at org.apache.maven.surefire.junit4.JUnit4Provider.invoke(JUnit4Provider.java:155)
	at org.apache.maven.surefire.booter.ForkedBooter.runSuitesInProcess(ForkedBooter.java:385)
	at org.apache.maven.surefire.booter.ForkedBooter.execute(ForkedBooter.java:162)
	at org.apache.maven.surefire.booter.ForkedBooter.run(ForkedBooter.java:507)
	at org.apache.maven.surefire.booter.ForkedBooter.main(ForkedBooter.java:495)
]]></failure>
    <system-out><![CDATA[Request method:	POST
Request URI:	http://qa-scooter.praktikum-services.ru/api/v1/courier
Proxy:			<none>
Request params:	<none>
Query params:	<none>
Form params:	<none>
Path params:	<none>
Headers:		Accept=*/*
				Content-Type=application/json
Cookies:		<none>
Multiparts:		<none>
Body:
{
    "login": "DuplicateCourierNew",
    "password": "123",
    "firstName": "Микеланджело"
}
HTTP/1.1 201 Created
Content-Type: application/json; charset=utf-8
ETag: W/"b-Ai2R8hgEarLmHKwesT1qcY913ys"
Date: Mon, 09 Feb 2026 16:41:07 GMT
X-Request-Id: 1770655267164248-4712798856686508671
Set-Cookie: _yasc=ag1MV8Mk8XIC1AMjOUQS39m2V/hb65QBw+DKgXUCkc83hL/vkTxwKVXnwvDv4rk=; domain=.praktikum-services.ru; path=/; expires=Thu, 07 Feb 2036 16:41:07 GMT; secure
X-Powered-By: Express
Content-Length: 11
Access-Control-Allow-Origin: *

{
    "ok": true
}
HTTP/1.1 201 Created
Content-Type: application/json; charset=utf-8
ETag: W/"b-Ai2R8hgEarLmHKwesT1qcY913ys"
Date: Mon, 09 Feb 2026 16:41:07 GMT
X-Request-Id: 1770655267164248-4712798856686508671
Set-Cookie: _yasc=ag1MV8Mk8XIC1AMjOUQS39m2V/hb65QBw+DKgXUCkc83hL/vkTxwKVXnwvDv4rk=; domain=.praktikum-services.ru; path=/; expires=Thu, 07 Feb 2036 16:41:07 GMT; secure
X-Powered-By: Express
Content-Length: 11
Access-Control-Allow-Origin: *

{
    "ok": true
}
Request method:	POST
Request URI:	http://qa-scooter.praktikum-services.ru/api/v1/courier/login
Proxy:			<none>
Request params:	<none>
Query params:	<none>
Form params:	<none>
Path params:	<none>
Headers:		Accept=*/*
				Content-Type=application/json
Cookies:		<none>
Multiparts:		<none>
Body:
{
    "login": "DuplicateCourierNew",
    "password": "123",
    "firstName": "Микеланджело"
}
HTTP/1.1 200 OK
Content-Length: 13
Date: Mon, 09 Feb 2026 16:41:07 GMT
X-Powered-By: Express
ETag: W/"d-GrVGS5bF+X2tCFwrGtEzziDHUA4"
Content-Type: application/json; charset=utf-8
X-Request-Id: 1770655267288628-17557085379438019655
Access-Control-Allow-Origin: *
Set-Cookie: _yasc=EpZFsyX1etxBaUnOrXFrx2aderWxa2lHmHM07IBW2DTrtd5C4D62bSPNU73/pvk=; domain=.praktikum-services.ru; path=/; expires=Thu, 07 Feb 2036 16:41:07 GMT; secure

{
    "id": 697445
}
HTTP/1.1 200 OK
Content-Length: 13
Date: Mon, 09 Feb 2026 16:41:07 GMT
X-Powered-By: Express
ETag: W/"d-GrVGS5bF+X2tCFwrGtEzziDHUA4"
Content-Type: application/json; charset=utf-8
X-Request-Id: 1770655267288628-17557085379438019655
Access-Control-Allow-Origin: *
Set-Cookie: _yasc=EpZFsyX1etxBaUnOrXFrx2aderWxa2lHmHM07IBW2DTrtd5C4D62bSPNU73/pvk=; domain=.praktikum-services.ru; path=/; expires=Thu, 07 Feb 2036 16:41:07 GMT; secure

{
    "id": 697445
}
Request method:	POST
Request URI:	http://qa-scooter.praktikum-services.ru/api/v1/courier
Proxy:			<none>
Request params:	<none>
Query params:	<none>
Form params:	<none>
Path params:	<none>
Headers:		Accept=*/*
				Content-Type=application/json
Cookies:		<none>
Multiparts:		<none>
Body:
{
    "login": "DuplicateCourierNew",
    "password": "678",
    "firstName": "Антонио"
}
HTTP/1.1 409 Conflict
X-Powered-By: Express
Content-Type: application/json; charset=utf-8
Content-Length: 112
Date: Mon, 09 Feb 2026 16:41:07 GMT
X-Request-Id: 1770655267446685-7821006108228747629
Set-Cookie: _yasc=CnMZOBiNs5znX2TavAeosuEAdyumhiggQG8F20fzv9YKCe5QlUSDNSeJ4mRsnQ==; domain=.praktikum-services.ru; path=/; expires=Thu, 07 Feb 2036 16:41:07 GMT; secure
Access-Control-Allow-Origin: *
ETag: W/"70-sLG1ZktNk+Ab3iaKUMwxkdL4FJo"

{
    "code": 409,
    "message": "Этот логин уже используется. Попробуйте другой."
}
HTTP/1.1 409 Conflict
X-Powered-By: Express
Content-Type: application/json; charset=utf-8
Content-Length: 112
Date: Mon, 09 Feb 2026 16:41:07 GMT
X-Request-Id: 1770655267446685-7821006108228747629
Set-Cookie: _yasc=CnMZOBiNs5znX2TavAeosuEAdyumhiggQG8F20fzv9YKCe5QlUSDNSeJ4mRsnQ==; domain=.praktikum-services.ru; path=/; expires=Thu, 07 Feb 2036 16:41:07 GMT; secure
Access-Control-Allow-Origin: *
ETag: W/"70-sLG1ZktNk+Ab3iaKUMwxkdL4FJo"

{
    "code": 409,
    "message": "Этот логин уже используется. Попробуйте другой."
}
HTTP/1.1 409 Conflict
X-Powered-By: Express
Content-Type: application/json; charset=utf-8
Content-Length: 112
Date: Mon, 09 Feb 2026 16:41:07 GMT
X-Request-Id: 1770655267446685-7821006108228747629
Set-Cookie: _yasc=CnMZOBiNs5znX2TavAeosuEAdyumhiggQG8F20fzv9YKCe5QlUSDNSeJ4mRsnQ==; domain=.praktikum-services.ru; path=/; expires=Thu, 07 Feb 2036 16:41:07 GMT; secure
Access-Control-Allow-Origin: *
ETag: W/"70-sLG1ZktNk+Ab3iaKUMwxkdL4FJo"

{
    "code": 409,
    "message": "Этот логин уже используется. Попробуйте другой."
}
Request method:	DELETE
Request URI:	http://qa-scooter.praktikum-services.ru/api/v1/courier/697445
Proxy:			<none>
Request params:	<none>
Query params:	<none>
Form params:	<none>
Path params:	id=697445
Headers:		Accept=*/*
				Content-Type=application/json
Cookies:		<none>
Multiparts:		<none>
Body:			<none>
HTTP/1.1 200 OK
ETag: W/"b-Ai2R8hgEarLmHKwesT1qcY913ys"
X-Request-Id: 1770655267825894-1673453053863797293
X-Powered-By: Express
Access-Control-Allow-Origin: *
Set-Cookie: _yasc=BMMoQVJY9uagGMqqyfJ2oVkRsIV/wD/lDD2eIkRtHfEPnRG82IxJGLHZq20Yuqk=; domain=.praktikum-services.ru; path=/; expires=Thu, 07 Feb 2036 16:41:07 GMT; secure
Content-Length: 11
Content-Type: application/json; charset=utf-8
Date: Mon, 09 Feb 2026 16:41:07 GMT

{
    "ok": true
}
]]></system-out>
  </testcase>
  <testcase name="courierCreatedWithoutLoginTest" classname="tests.CreateCourierTest" time="0.092">
    <system-out><![CDATA[Request method:	POST
Request URI:	http://qa-scooter.praktikum-services.ru/api/v1/courier
Proxy:			<none>
Request params:	<none>
Query params:	<none>
Form params:	<none>
Path params:	<none>
Headers:		Accept=*/*
				Content-Type=application/json
Cookies:		<none>
Multiparts:		<none>
Body:
{
    "password": "password",
    "firstName": "Донателло"
}
HTTP/1.1 400 Bad Request
Date: Mon, 09 Feb 2026 16:41:07 GMT
X-Powered-By: Express
X-Request-Id: 1770655267973381-6256226873968255874
Content-Length: 114
Content-Type: application/json; charset=utf-8
Set-Cookie: _yasc=3wCrWCjEibQ+ZS+n5Hh6XXtOYsMFdm0G4UYwo7ardHNJudXGDFdLqgxEcxP/Xw==; domain=.praktikum-services.ru; path=/; expires=Thu, 07 Feb 2036 16:41:07 GMT; secure
ETag: W/"72-AUDx41VLe1HSztSRMybiiyHwcKY"
Access-Control-Allow-Origin: *

{
    "code": 400,
    "message": "Недостаточно данных для создания учетной записи"
}
HTTP/1.1 400 Bad Request
Date: Mon, 09 Feb 2026 16:41:07 GMT
X-Powered-By: Express
X-Request-Id: 1770655267973381-6256226873968255874
Content-Length: 114
Content-Type: application/json; charset=utf-8
Set-Cookie: _yasc=3wCrWCjEibQ+ZS+n5Hh6XXtOYsMFdm0G4UYwo7ardHNJudXGDFdLqgxEcxP/Xw==; domain=.praktikum-services.ru; path=/; expires=Thu, 07 Feb 2036 16:41:07 GMT; secure
ETag: W/"72-AUDx41VLe1HSztSRMybiiyHwcKY"
Access-Control-Allow-Origin: *

{
    "code": 400,
    "message": "Недостаточно данных для создания учетной записи"
}
HTTP/1.1 400 Bad Request
Date: Mon, 09 Feb 2026 16:41:07 GMT
X-Powered-By: Express
X-Request-Id: 1770655267973381-6256226873968255874
Content-Length: 114
Content-Type: application/json; charset=utf-8
Set-Cookie: _yasc=3wCrWCjEibQ+ZS+n5Hh6XXtOYsMFdm0G4UYwo7ardHNJudXGDFdLqgxEcxP/Xw==; domain=.praktikum-services.ru; path=/; expires=Thu, 07 Feb 2036 16:41:07 GMT; secure
ETag: W/"72-AUDx41VLe1HSztSRMybiiyHwcKY"
Access-Control-Allow-Origin: *

{
    "code": 400,
    "message": "Недостаточно данных для создания учетной записи"
}
]]></system-out>
  </testcase>
  <testcase name="courierCreatedWithoutPasswordTest" classname="tests.CreateCourierTest" time="0.094">
    <system-out><![CDATA[Request method:	POST
Request URI:	http://qa-scooter.praktikum-services.ru/api/v1/courier
Proxy:			<none>
Request params:	<none>
Query params:	<none>
Form params:	<none>
Path params:	<none>
Headers:		Accept=*/*
				Content-Type=application/json
Cookies:		<none>
Multiparts:		<none>
Body:
{
    "login": "Courier_test",
    "firstName": "Леонардо"
}
HTTP/1.1 400 Bad Request
X-Request-Id: 1770655268086926-2740028505800259174
ETag: W/"72-AUDx41VLe1HSztSRMybiiyHwcKY"
Access-Control-Allow-Origin: *
X-Powered-By: Express
Content-Type: application/json; charset=utf-8
Date: Mon, 09 Feb 2026 16:41:08 GMT
Set-Cookie: _yasc=/SYxuJvtr8vLf5y9h1MOvIuPgqos4QVPM0JaCy/ksW82zhBLQO+L5pElmh5ZHlU=; domain=.praktikum-services.ru; path=/; expires=Thu, 07 Feb 2036 16:41:08 GMT; secure
Content-Length: 114

{
    "code": 400,
    "message": "Недостаточно данных для создания учетной записи"
}
HTTP/1.1 400 Bad Request
X-Request-Id: 1770655268086926-2740028505800259174
ETag: W/"72-AUDx41VLe1HSztSRMybiiyHwcKY"
Access-Control-Allow-Origin: *
X-Powered-By: Express
Content-Type: application/json; charset=utf-8
Date: Mon, 09 Feb 2026 16:41:08 GMT
Set-Cookie: _yasc=/SYxuJvtr8vLf5y9h1MOvIuPgqos4QVPM0JaCy/ksW82zhBLQO+L5pElmh5ZHlU=; domain=.praktikum-services.ru; path=/; expires=Thu, 07 Feb 2036 16:41:08 GMT; secure
Content-Length: 114

{
    "code": 400,
    "message": "Недостаточно данных для создания учетной записи"
}
HTTP/1.1 400 Bad Request
X-Request-Id: 1770655268086926-2740028505800259174
ETag: W/"72-AUDx41VLe1HSztSRMybiiyHwcKY"
Access-Control-Allow-Origin: *
X-Powered-By: Express
Content-Type: application/json; charset=utf-8
Date: Mon, 09 Feb 2026 16:41:08 GMT
Set-Cookie: _yasc=/SYxuJvtr8vLf5y9h1MOvIuPgqos4QVPM0JaCy/ksW82zhBLQO+L5pElmh5ZHlU=; domain=.praktikum-services.ru; path=/; expires=Thu, 07 Feb 2036 16:41:08 GMT; secure
Content-Length: 114

{
    "code": 400,
    "message": "Недостаточно данных для создания учетной записи"
}
]]></system-out>
  </testcase>
</testsuite>