<?xml version="1.0" encoding="UTF-8"?>
<testsuite xmlns:xsi="http://www.w3.org/2001/XMLSchema-instance" xsi:noNamespaceSchemaLocation="https://maven.apache.org/surefire/maven-surefire-plugin/xsd/surefire-test-report-3.0.xsd" version="3.0" name="tests.LoginCourierTest" time="1.398" tests="4" errors="0" skipped="0" failures="0">
  <properties>
[...]
</properties>
  <testcase name="loginWithoutLoginLoginTest" classname="tests.LoginCourierTest" time="0.368">
    <system-out><![CDATA[Request method:	POST
Request URI:	http://qa-scooter.praktikum-services.ru/api/v1/courier
Proxy:			<none>
Request params:	<none>
Query params:	<none>
Form params:	<none>
Path params:	<none>
Headers:		Accept=*/*
				Content-Type=application/json
Cookies:		<none>
Multiparts:		<none>
Body:
{
    "login": "Courier_test1770457767504",
    "password": "qwerty123",
    "firstName": "Рафаэль"
}
HTTP/1.1 201 Created
Access-Control-Allow-Origin: *
X-Powered-By: Express
Content-Type: application/json; charset=utf-8
Set-Cookie: _yasc=hzbxLNqdkDQ3V7TJWoZ+qDS7Gee6Tb5+U9RnRTzK54pAtebfLRtOVBzsYTPtPw==; domain=.praktikum-services.ru; path=/; expires=Tue, 05 Feb 2036 09:49:27 GMT; secure
Date: Sat, 07 Feb 2026 09:49:27 GMT
X-Request-Id: 1770457767526453-2239529298621295607
Content-Length: 11
ETag: W/"b-Ai2R8hgEarLmHKwesT1qcY913ys"

{
    "ok": true
}
HTTP/1.1 201 Created
Access-Control-Allow-Origin: *
X-Powered-By: Express
Content-Type: application/json; charset=utf-8
Set-Cookie: _yasc=hzbxLNqdkDQ3V7TJWoZ+qDS7Gee6Tb5+U9RnRTzK54pAtebfLRtOVBzsYTPtPw==; domain=.praktikum-services.ru; path=/; expires=Tue, 05 Feb 2036 09:49:27 GMT; secure
Date: Sat, 07 Feb 2026 09:49:27 GMT
X-Request-Id: 1770457767526453-2239529298621295607
Content-Length: 11
ETag: W/"b-Ai2R8hgEarLmHKwesT1qcY913ys"

{
    "ok": true
}
Request method:	POST
Request URI:	http://qa-scooter.praktikum-services.ru/api/v1/courier/login
Proxy:			<none>
Request params:	<none>
Query params:	<none>
Form params:	<none>
Path params:	<none>
Headers:		Accept=*/*
				Content-Type=application/json
Cookies:		<none>
Multiparts:		<none>
Body:
{
    "password": "password"
}
HTTP/1.1 400 Bad Request
X-Request-Id: 1770457767803258-866061155450533650
ETag: W/"50-LwGSJxcCDIE8JNxAo8HI82cPc8A"
Content-Type: application/json; charset=utf-8
Access-Control-Allow-Origin: *
Date: Sat, 07 Feb 2026 09:49:27 GMT
Content-Length: 80
X-Powered-By: Express
Set-Cookie: _yasc=jfOnyS8fffoVUGabq325u/LYry2Obn0z9RnMZd3Zz2UzUryuXC19Kn6ooZQWWw==; domain=.praktikum-services.ru; path=/; expires=Tue, 05 Feb 2036 09:49:27 GMT; secure

{
    "code": 400,
    "message": "Недостаточно данных для входа"
}
HTTP/1.1 400 Bad Request
X-Request-Id: 1770457767803258-866061155450533650
ETag: W/"50-LwGSJxcCDIE8JNxAo8HI82cPc8A"
Content-Type: application/json; charset=utf-8
Access-Control-Allow-Origin: *
Date: Sat, 07 Feb 2026 09:49:27 GMT
Content-Length: 80
X-Powered-By: Express
Set-Cookie: _yasc=jfOnyS8fffoVUGabq325u/LYry2Obn0z9RnMZd3Zz2UzUryuXC19Kn6ooZQWWw==; domain=.praktikum-services.ru; path=/; expires=Tue, 05 Feb 2036 09:49:27 GMT; secure

{
    "code": 400,
    "message": "Недостаточно данных для входа"
}
HTTP/1.1 400 Bad Request
X-Request-Id: 1770457767803258-866061155450533650
ETag: W/"50-LwGSJxcCDIE8JNxAo8HI82cPc8A"
Content-Type: application/json; charset=utf-8
Access-Control-Allow-Origin: *
Date: Sat, 07 Feb 2026 09:49:27 GMT
Content-Length: 80
X-Powered-By: Express
Set-Cookie: _yasc=jfOnyS8fffoVUGabq325u/LYry2Obn0z9RnMZd3Zz2UzUryuXC19Kn6ooZQWWw==; domain=.praktikum-services.ru; path=/; expires=Tue, 05 Feb 2036 09:49:27 GMT; secure

{
    "code": 400,
    "message": "Недостаточно данных для входа"
}
]]></system-out>
  </testcase>
  <testcase name="courierCanLoginTest" classname="tests.LoginCourierTest" time="0.439">
    <system-out><![CDATA[Request method:	POST
Request URI:	http://qa-scooter.praktikum-services.ru/api/v1/courier
Proxy:			<none>
Request params:	<none>
Query params:	<none>
Form params:	<none>
Path params:	<none>
Headers:		Accept=*/*
				Content-Type=application/json
Cookies:		<none>
Multiparts:		<none>
Body:
{
    "login": "Courier_test1770457767936",
    "password": "qwerty123",
    "firstName": "Рафаэль"
}
HTTP/1.1 201 Created
X-Powered-By: Express
Content-Type: application/json; charset=utf-8
Content-Length: 11
X-Request-Id: 1770457767932762-13153015408483017743
Date: Sat, 07 Feb 2026 09:49:27 GMT
ETag: W/"b-Ai2R8hgEarLmHKwesT1qcY913ys"
Set-Cookie: _yasc=crACXeWLJ6NBqz1je+PlfH3CygAY69b8/5J3StsBXEAkJhgo+p8/GPbL07PLKZ0=; domain=.praktikum-services.ru; path=/; expires=Tue, 05 Feb 2036 09:49:27 GMT; secure
Access-Control-Allow-Origin: *

{
    "ok": true
}
HTTP/1.1 201 Created
X-Powered-By: Express
Content-Type: application/json; charset=utf-8
Content-Length: 11
X-Request-Id: 1770457767932762-13153015408483017743
Date: Sat, 07 Feb 2026 09:49:27 GMT
ETag: W/"b-Ai2R8hgEarLmHKwesT1qcY913ys"
Set-Cookie: _yasc=crACXeWLJ6NBqz1je+PlfH3CygAY69b8/5J3StsBXEAkJhgo+p8/GPbL07PLKZ0=; domain=.praktikum-services.ru; path=/; expires=Tue, 05 Feb 2036 09:49:27 GMT; secure
Access-Control-Allow-Origin: *

{
    "ok": true
}
Request method:	POST
Request URI:	http://qa-scooter.praktikum-services.ru/api/v1/courier/login
Proxy:			<none>
Request params:	<none>
Query params:	<none>
Form params:	<none>
Path params:	<none>
Headers:		Accept=*/*
				Content-Type=application/json
Cookies:		<none>
Multiparts:		<none>
Body:
{
    "login": "Courier_test1770457767936",
    "password": "qwerty123"
}
HTTP/1.1 200 OK
X-Request-Id: 1770457768041193-1742065580954206812
Date: Sat, 07 Feb 2026 09:49:28 GMT
Access-Control-Allow-Origin: *
Content-Length: 13
Set-Cookie: _yasc=q4P4moXmaeQYv4n8sCs36LFHv3eouSRf0Z4O8c9mA/7E/h0Cme1+m9mzCxRyKEU=; domain=.praktikum-services.ru; path=/; expires=Tue, 05 Feb 2036 09:49:28 GMT; secure
Content-Type: application/json; charset=utf-8
ETag: W/"d-fu+7QX5atpygiYN/zV2mJrNfkkA"
X-Powered-By: Express

{
    "id": 695409
}
HTTP/1.1 200 OK
X-Request-Id: 1770457768041193-1742065580954206812
Date: Sat, 07 Feb 2026 09:49:28 GMT
Access-Control-Allow-Origin: *
Content-Length: 13
Set-Cookie: _yasc=q4P4moXmaeQYv4n8sCs36LFHv3eouSRf0Z4O8c9mA/7E/h0Cme1+m9mzCxRyKEU=; domain=.praktikum-services.ru; path=/; expires=Tue, 05 Feb 2036 09:49:28 GMT; secure
Content-Type: application/json; charset=utf-8
ETag: W/"d-fu+7QX5atpygiYN/zV2mJrNfkkA"
X-Powered-By: Express

{
    "id": 695409
}
Request method:	DELETE
Request URI:	http://qa-scooter.praktikum-services.ru/api/v1/courier/695409
Proxy:			<none>
Request params:	<none>
Query params:	<none>
Form params:	<none>
Path params:	id=695409
Headers:		Accept=*/*
				Content-Type=application/json
Cookies:		<none>
Multiparts:		<none>
Body:			<none>
HTTP/1.1 200 OK
Set-Cookie: _yasc=5QMR4F9FNdD/pD0ow2Ch+xyOl4/SZyjRQSp63IHKlCw+hxutVfKV5HNYItDaGg==; domain=.praktikum-services.ru; path=/; expires=Tue, 05 Feb 2036 09:49:28 GMT; secure
ETag: W/"b-Ai2R8hgEarLmHKwesT1qcY913ys"
Content-Type: application/json; charset=utf-8
X-Powered-By: Express
Content-Length: 11
X-Request-Id: 1770457768273883-12369486424893075893
Date: Sat, 07 Feb 2026 09:49:28 GMT
Access-Control-Allow-Origin: *

{
    "ok": true
}
]]></system-out>
  </testcase>
  <testcase name="loginFailsForNonExistentLoginTest" classname="tests.LoginCourierTest" time="0.235">
    <system-out><![CDATA[Request method:	POST
Request URI:	http://qa-scooter.praktikum-services.ru/api/v1/courier
Proxy:			<none>
Request params:	<none>
Query params:	<none>
Form params:	<none>
Path params:	<none>
Headers:		Accept=*/*
				Content-Type=application/json
Cookies:		<none>
Multiparts:		<none>
Body:
{
    "login": "Courier_test1770457768362",
    "password": "qwerty123",
    "firstName": "Рафаэль"
}
HTTP/1.1 201 Created
Content-Type: application/json; charset=utf-8
Content-Length: 11
Date: Sat, 07 Feb 2026 09:49:28 GMT
X-Request-Id: 1770457768353669-1036679677916260483
Set-Cookie: _yasc=Onz5T5wxE6FA9ZBkpj0Mj9Kp8nMnnSNm7xrie7C6S0eVGmo/mne3QVHvlHxuOA==; domain=.praktikum-services.ru; path=/; expires=Tue, 05 Feb 2036 09:49:28 GMT; secure
ETag: W/"b-Ai2R8hgEarLmHKwesT1qcY913ys"
Access-Control-Allow-Origin: *
X-Powered-By: Express

{
    "ok": true
}
HTTP/1.1 201 Created
Content-Type: application/json; charset=utf-8
Content-Length: 11
Date: Sat, 07 Feb 2026 09:49:28 GMT
X-Request-Id: 1770457768353669-1036679677916260483
Set-Cookie: _yasc=Onz5T5wxE6FA9ZBkpj0Mj9Kp8nMnnSNm7xrie7C6S0eVGmo/mne3QVHvlHxuOA==; domain=.praktikum-services.ru; path=/; expires=Tue, 05 Feb 2036 09:49:28 GMT; secure
ETag: W/"b-Ai2R8hgEarLmHKwesT1qcY913ys"
Access-Control-Allow-Origin: *
X-Powered-By: Express

{
    "ok": true
}
Request method:	POST
Request URI:	http://qa-scooter.praktikum-services.ru/api/v1/courier/login
Proxy:			<none>
Request params:	<none>
Query params:	<none>
Form params:	<none>
Path params:	<none>
Headers:		Accept=*/*
				Content-Type=application/json
Cookies:		<none>
Multiparts:		<none>
Body:
{
    "login": "Сплинтер",
    "password": "qwerty123"
}
HTTP/1.1 404 Not Found
Content-Type: application/json; charset=utf-8
Content-Length: 72
X-Request-Id: 1770457768494737-5936508756393170262
X-Powered-By: Express
Access-Control-Allow-Origin: *
Set-Cookie: _yasc=MvAti4to9oq8UF5TS1hmW+1j4GaO/MQQBI7cjCI+pQPRjz5z1wJKWUeZWCqW4g==; domain=.praktikum-services.ru; path=/; expires=Tue, 05 Feb 2036 09:49:28 GMT; secure
Date: Sat, 07 Feb 2026 09:49:28 GMT
ETag: W/"48-SNOWaDub1LGYtleYI6ITphu8xIQ"

{
    "code": 404,
    "message": "Учетная запись не найдена"
}
HTTP/1.1 404 Not Found
Content-Type: application/json; charset=utf-8
Content-Length: 72
X-Request-Id: 1770457768494737-5936508756393170262
X-Powered-By: Express
Access-Control-Allow-Origin: *
Set-Cookie: _yasc=MvAti4to9oq8UF5TS1hmW+1j4GaO/MQQBI7cjCI+pQPRjz5z1wJKWUeZWCqW4g==; domain=.praktikum-services.ru; path=/; expires=Tue, 05 Feb 2036 09:49:28 GMT; secure
Date: Sat, 07 Feb 2026 09:49:28 GMT
ETag: W/"48-SNOWaDub1LGYtleYI6ITphu8xIQ"

{
    "code": 404,
    "message": "Учетная запись не найдена"
}
HTTP/1.1 404 Not Found
Content-Type: application/json; charset=utf-8
Content-Length: 72
X-Request-Id: 1770457768494737-5936508756393170262
X-Powered-By: Express
Access-Control-Allow-Origin: *
Set-Cookie: _yasc=MvAti4to9oq8UF5TS1hmW+1j4GaO/MQQBI7cjCI+pQPRjz5z1wJKWUeZWCqW4g==; domain=.praktikum-services.ru; path=/; expires=Tue, 05 Feb 2036 09:49:28 GMT; secure
Date: Sat, 07 Feb 2026 09:49:28 GMT
ETag: W/"48-SNOWaDub1LGYtleYI6ITphu8xIQ"

{
    "code": 404,
    "message": "Учетная запись не найдена"
}
]]></system-out>
  </testcase>
  <testcase name="courierCanNotLoginTest" classname="tests.LoginCourierTest" time="0.347">
    <system-out><![CDATA[Request method:	POST
Request URI:	http://qa-scooter.praktikum-services.ru/api/v1/courier
Proxy:			<none>
Request params:	<none>
Query params:	<none>
Form params:	<none>
Path params:	<none>
Headers:		Accept=*/*
				Content-Type=application/json
Cookies:		<none>
Multiparts:		<none>
Body:
{
    "login": "Courier_test1770457768612",
    "password": "qwerty123",
    "firstName": "Рафаэль"
}
HTTP/1.1 201 Created
ETag: W/"b-Ai2R8hgEarLmHKwesT1qcY913ys"
Date: Sat, 07 Feb 2026 09:49:28 GMT
Set-Cookie: _yasc=cCpyIyMOScqztcyLQeIwF3XIwchjoxWth3PbpuVE3QNajoxgFAjsLC65LG2nnw==; domain=.praktikum-services.ru; path=/; expires=Tue, 05 Feb 2036 09:49:28 GMT; secure
X-Powered-By: Express
X-Request-Id: 1770457768624893-13258023779506866146
Access-Control-Allow-Origin: *
Content-Length: 11
Content-Type: application/json; charset=utf-8

{
    "ok": true
}
HTTP/1.1 201 Created
ETag: W/"b-Ai2R8hgEarLmHKwesT1qcY913ys"
Date: Sat, 07 Feb 2026 09:49:28 GMT
Set-Cookie: _yasc=cCpyIyMOScqztcyLQeIwF3XIwchjoxWth3PbpuVE3QNajoxgFAjsLC65LG2nnw==; domain=.praktikum-services.ru; path=/; expires=Tue, 05 Feb 2036 09:49:28 GMT; secure
X-Powered-By: Express
X-Request-Id: 1770457768624893-13258023779506866146
Access-Control-Allow-Origin: *
Content-Length: 11
Content-Type: application/json; charset=utf-8

{
    "ok": true
}
Request method:	POST
Request URI:	http://qa-scooter.praktikum-services.ru/api/v1/courier/login
Proxy:			<none>
Request params:	<none>
Query params:	<none>
Form params:	<none>
Path params:	<none>
Headers:		Accept=*/*
				Content-Type=application/json
Cookies:		<none>
Multiparts:		<none>
Body:
{
    "login": "0000",
    "password": "Шреддер"
}
HTTP/1.1 404 Not Found
Date: Sat, 07 Feb 2026 09:49:28 GMT
X-Powered-By: Express
Set-Cookie: _yasc=udgjB9WDqTKVlI7VRcQzLiHERY6tqvMWTPv2CIfAxVdarCZQGTnL+uqmUXmDFUw=; domain=.praktikum-services.ru; path=/; expires=Tue, 05 Feb 2036 09:49:28 GMT; secure
Access-Control-Allow-Origin: *
Content-Length: 72
ETag: W/"48-SNOWaDub1LGYtleYI6ITphu8xIQ"
X-Request-Id: 1770457768859586-7232917145001129576
Content-Type: application/json; charset=utf-8

{
    "code": 404,
    "message": "Учетная запись не найдена"
}
HTTP/1.1 404 Not Found
Date: Sat, 07 Feb 2026 09:49:28 GMT
X-Powered-By: Express
Set-Cookie: _yasc=udgjB9WDqTKVlI7VRcQzLiHERY6tqvMWTPv2CIfAxVdarCZQGTnL+uqmUXmDFUw=; domain=.praktikum-services.ru; path=/; expires=Tue, 05 Feb 2036 09:49:28 GMT; secure
Access-Control-Allow-Origin: *
Content-Length: 72
ETag: W/"48-SNOWaDub1LGYtleYI6ITphu8xIQ"
X-Request-Id: 1770457768859586-7232917145001129576
Content-Type: application/json; charset=utf-8

{
    "code": 404,
    "message": "Учетная запись не найдена"
}
HTTP/1.1 404 Not Found
Date: Sat, 07 Feb 2026 09:49:28 GMT
X-Powered-By: Express
Set-Cookie: _yasc=udgjB9WDqTKVlI7VRcQzLiHERY6tqvMWTPv2CIfAxVdarCZQGTnL+uqmUXmDFUw=; domain=.praktikum-services.ru; path=/; expires=Tue, 05 Feb 2036 09:49:28 GMT; secure
Access-Control-Allow-Origin: *
Content-Length: 72
ETag: W/"48-SNOWaDub1LGYtleYI6ITphu8xIQ"
X-Request-Id: 1770457768859586-7232917145001129576
Content-Type: application/json; charset=utf-8

{
    "code": 404,
    "message": "Учетная запись не найдена"
}
]]></system-out>
  </testcase>
</testsuite>